2022-05-21 00:08:54,645 METRIC Round 0, collaborator 0 is sending metric for task aggregated_model_validation: accuracy	0.560000 collaborator.py:415
2022-05-21 00:08:54,651 METRIC Round 0, collaborator 0 aggregated_model_validation result accuracy:	0.560000 aggregator.py:523
2022-05-21 00:08:58,406 METRIC Round 0, collaborator 0 is sending metric for task train: loss	0.614862 collaborator.py:415
2022-05-21 00:08:58,409 METRIC Round 0, collaborator 0 train result loss:	0.614862 aggregator.py:523
2022-05-21 00:08:59,550 METRIC Round 0, collaborator 0 is sending metric for task locally_tuned_model_validation: accuracy	0.540000 collaborator.py:415
2022-05-21 00:08:59,558 METRIC Round 0, collaborator 0 locally_tuned_model_validation result accuracy:	0.540000 aggregator.py:523
2022-05-21 00:09:02,066 METRIC Round 0, collaborator 1 is sending metric for task aggregated_model_validation: accuracy	0.580000 collaborator.py:415
2022-05-21 00:09:02,070 METRIC Round 0, collaborator 1 aggregated_model_validation result accuracy:	0.580000 aggregator.py:523
2022-05-21 00:09:05,993 METRIC Round 0, collaborator 1 is sending metric for task train: loss	0.865544 collaborator.py:415
2022-05-21 00:09:05,997 METRIC Round 0, collaborator 1 train result loss:	0.865544 aggregator.py:523
2022-05-21 00:09:07,188 METRIC Round 0, collaborator 1 is sending metric for task locally_tuned_model_validation: accuracy	0.620000 collaborator.py:415
2022-05-21 00:09:07,191 METRIC Round 0, collaborator 1 locally_tuned_model_validation result accuracy:	0.620000 aggregator.py:523
2022-05-21 00:09:09,603 METRIC Round 0, collaborator 2 is sending metric for task aggregated_model_validation: accuracy	0.440000 collaborator.py:415
2022-05-21 00:09:09,607 METRIC Round 0, collaborator 2 aggregated_model_validation result accuracy:	0.440000 aggregator.py:523
2022-05-21 00:09:13,655 METRIC Round 0, collaborator 2 is sending metric for task train: loss	0.601727 collaborator.py:415
2022-05-21 00:09:13,658 METRIC Round 0, collaborator 2 train result loss:	0.601727 aggregator.py:523
2022-05-21 00:09:14,844 METRIC Round 0, collaborator 2 is sending metric for task locally_tuned_model_validation: accuracy	0.580000 collaborator.py:415
2022-05-21 00:09:14,849 METRIC Round 0, collaborator 2 locally_tuned_model_validation result accuracy:	0.580000 aggregator.py:523
2022-05-21 00:09:17,531 METRIC Round 0, collaborator 3 is sending metric for task aggregated_model_validation: accuracy	0.400000 collaborator.py:415
2022-05-21 00:09:17,536 METRIC Round 0, collaborator 3 aggregated_model_validation result accuracy:	0.400000 aggregator.py:523
2022-05-21 00:09:21,257 METRIC Round 0, collaborator 3 is sending metric for task train: loss	0.670646 collaborator.py:415
2022-05-21 00:09:21,260 METRIC Round 0, collaborator 3 train result loss:	0.670646 aggregator.py:523
2022-05-21 00:09:22,437 METRIC Round 0, collaborator 3 is sending metric for task locally_tuned_model_validation: accuracy	0.600000 collaborator.py:415
2022-05-21 00:09:22,440 METRIC Round 0, collaborator 3 locally_tuned_model_validation result accuracy:	0.600000 aggregator.py:523
2022-05-21 00:09:24,907 METRIC Round 0, collaborator 4 is sending metric for task aggregated_model_validation: accuracy	0.580000 collaborator.py:415
2022-05-21 00:09:24,910 METRIC Round 0, collaborator 4 aggregated_model_validation result accuracy:	0.580000 aggregator.py:523
2022-05-21 00:09:29,108 METRIC Round 0, collaborator 4 is sending metric for task train: loss	0.709597 collaborator.py:415
2022-05-21 00:09:29,111 METRIC Round 0, collaborator 4 train result loss:	0.709597 aggregator.py:523
2022-05-21 00:09:30,301 METRIC Round 0, collaborator 4 is sending metric for task locally_tuned_model_validation: accuracy	0.520000 collaborator.py:415
2022-05-21 00:09:30,304 METRIC Round 0, collaborator 4 locally_tuned_model_validation result accuracy:	0.520000 aggregator.py:523
2022-05-21 00:09:32,794 METRIC Round 0, collaborator 5 is sending metric for task aggregated_model_validation: accuracy	0.660000 collaborator.py:415
2022-05-21 00:09:32,797 METRIC Round 0, collaborator 5 aggregated_model_validation result accuracy:	0.660000 aggregator.py:523
2022-05-21 00:09:36,463 METRIC Round 0, collaborator 5 is sending metric for task train: loss	0.719627 collaborator.py:415
2022-05-21 00:09:36,466 METRIC Round 0, collaborator 5 train result loss:	0.719627 aggregator.py:523
2022-05-21 00:09:37,598 METRIC Round 0, collaborator 5 is sending metric for task locally_tuned_model_validation: accuracy	0.520000 collaborator.py:415
2022-05-21 00:09:37,602 METRIC Round 0, collaborator 5 locally_tuned_model_validation result accuracy:	0.520000 aggregator.py:523
2022-05-21 00:09:40,190 METRIC Round 0, collaborator 6 is sending metric for task aggregated_model_validation: accuracy	0.620000 collaborator.py:415
2022-05-21 00:09:40,193 METRIC Round 0, collaborator 6 aggregated_model_validation result accuracy:	0.620000 aggregator.py:523
2022-05-21 00:09:44,181 METRIC Round 0, collaborator 6 is sending metric for task train: loss	0.698695 collaborator.py:415
2022-05-21 00:09:44,184 METRIC Round 0, collaborator 6 train result loss:	0.698695 aggregator.py:523
2022-05-21 00:09:45,338 METRIC Round 0, collaborator 6 is sending metric for task locally_tuned_model_validation: accuracy	0.440000 collaborator.py:415
2022-05-21 00:09:45,341 METRIC Round 0, collaborator 6 locally_tuned_model_validation result accuracy:	0.440000 aggregator.py:523
2022-05-21 00:09:47,906 METRIC Round 0, collaborator 7 is sending metric for task aggregated_model_validation: accuracy	0.640000 collaborator.py:415
2022-05-21 00:09:47,910 METRIC Round 0, collaborator 7 aggregated_model_validation result accuracy:	0.640000 aggregator.py:523
2022-05-21 00:09:51,423 METRIC Round 0, collaborator 7 is sending metric for task train: loss	0.661067 collaborator.py:415
2022-05-21 00:09:51,426 METRIC Round 0, collaborator 7 train result loss:	0.661067 aggregator.py:523
2022-05-21 00:09:52,573 METRIC Round 0, collaborator 7 is sending metric for task locally_tuned_model_validation: accuracy	0.560000 collaborator.py:415
2022-05-21 00:09:52,576 METRIC Round 0, collaborator 7 locally_tuned_model_validation result accuracy:	0.560000 aggregator.py:523
2022-05-21 00:09:52,592 METRIC Round 0, aggregator: train <openfl.component.aggregation_functions.weighted_average.WeightedAverage object at 0x7fafe3e71cd0> loss:	0.692701 aggregator.py:805
2022-05-21 00:09:59,202 METRIC Round 0, aggregator: locally_tuned_model_validation <openfl.component.aggregation_functions.weighted_average.WeightedAverage object at 0x7fafe3e71cd0> accuracy:	0.547500 aggregator.py:805
2022-05-21 00:09:59,219 METRIC Round 0, aggregator: aggregated_model_validation <openfl.component.aggregation_functions.weighted_average.WeightedAverage object at 0x7fafe3e71cd0> accuracy:	0.560000 aggregator.py:805
2022-05-21 00:09:59,220 METRIC Round 0: saved the best model with score 0.560000 aggregator.py:821
2022-05-21 00:10:02,293 METRIC Round 1, collaborator 0 is sending metric for task aggregated_model_validation: accuracy	0.540000 collaborator.py:415
2022-05-21 00:10:02,297 METRIC Round 1, collaborator 0 aggregated_model_validation result accuracy:	0.540000 aggregator.py:523
2022-05-21 00:10:03,920 METRIC Round 1, collaborator 0 is sending metric for task train: loss	0.394008 collaborator.py:415
2022-05-21 00:10:03,923 METRIC Round 1, collaborator 0 train result loss:	0.394008 aggregator.py:523
2022-05-21 00:10:05,206 METRIC Round 1, collaborator 0 is sending metric for task locally_tuned_model_validation: accuracy	0.540000 collaborator.py:415
2022-05-21 00:10:05,210 METRIC Round 1, collaborator 0 locally_tuned_model_validation result accuracy:	0.540000 aggregator.py:523
2022-05-21 00:10:07,070 METRIC Round 1, collaborator 1 is sending metric for task aggregated_model_validation: accuracy	0.560000 collaborator.py:415
2022-05-21 00:10:07,074 METRIC Round 1, collaborator 1 aggregated_model_validation result accuracy:	0.560000 aggregator.py:523
2022-05-21 00:10:08,744 METRIC Round 1, collaborator 1 is sending metric for task train: loss	0.621676 collaborator.py:415
2022-05-21 00:10:08,748 METRIC Round 1, collaborator 1 train result loss:	0.621676 aggregator.py:523
2022-05-21 00:10:09,987 METRIC Round 1, collaborator 1 is sending metric for task locally_tuned_model_validation: accuracy	0.620000 collaborator.py:415
2022-05-21 00:10:09,992 METRIC Round 1, collaborator 1 locally_tuned_model_validation result accuracy:	0.620000 aggregator.py:523
2022-05-21 00:10:11,843 METRIC Round 1, collaborator 2 is sending metric for task aggregated_model_validation: accuracy	0.620000 collaborator.py:415
2022-05-21 00:10:11,848 METRIC Round 1, collaborator 2 aggregated_model_validation result accuracy:	0.620000 aggregator.py:523
2022-05-21 00:10:13,532 METRIC Round 1, collaborator 2 is sending metric for task train: loss	0.427863 collaborator.py:415
2022-05-21 00:10:13,535 METRIC Round 1, collaborator 2 train result loss:	0.427863 aggregator.py:523
2022-05-21 00:10:14,799 METRIC Round 1, collaborator 2 is sending metric for task locally_tuned_model_validation: accuracy	0.700000 collaborator.py:415
2022-05-21 00:10:14,803 METRIC Round 1, collaborator 2 locally_tuned_model_validation result accuracy:	0.700000 aggregator.py:523
2022-05-21 00:10:16,625 METRIC Round 1, collaborator 3 is sending metric for task aggregated_model_validation: accuracy	0.600000 collaborator.py:415
2022-05-21 00:10:16,629 METRIC Round 1, collaborator 3 aggregated_model_validation result accuracy:	0.600000 aggregator.py:523
2022-05-21 00:10:18,265 METRIC Round 1, collaborator 3 is sending metric for task train: loss	0.483742 collaborator.py:415
2022-05-21 00:10:18,268 METRIC Round 1, collaborator 3 train result loss:	0.483742 aggregator.py:523
2022-05-21 00:10:19,449 METRIC Round 1, collaborator 3 is sending metric for task locally_tuned_model_validation: accuracy	0.720000 collaborator.py:415
2022-05-21 00:10:19,452 METRIC Round 1, collaborator 3 locally_tuned_model_validation result accuracy:	0.720000 aggregator.py:523
2022-05-21 00:10:21,306 METRIC Round 1, collaborator 4 is sending metric for task aggregated_model_validation: accuracy	0.540000 collaborator.py:415
2022-05-21 00:10:21,310 METRIC Round 1, collaborator 4 aggregated_model_validation result accuracy:	0.540000 aggregator.py:523
2022-05-21 00:10:22,994 METRIC Round 1, collaborator 4 is sending metric for task train: loss	0.436812 collaborator.py:415
2022-05-21 00:10:22,998 METRIC Round 1, collaborator 4 train result loss:	0.436812 aggregator.py:523
2022-05-21 00:10:24,178 METRIC Round 1, collaborator 4 is sending metric for task locally_tuned_model_validation: accuracy	0.600000 collaborator.py:415
2022-05-21 00:10:24,182 METRIC Round 1, collaborator 4 locally_tuned_model_validation result accuracy:	0.600000 aggregator.py:523
2022-05-21 00:10:26,094 METRIC Round 1, collaborator 5 is sending metric for task aggregated_model_validation: accuracy	0.440000 collaborator.py:415
2022-05-21 00:10:26,097 METRIC Round 1, collaborator 5 aggregated_model_validation result accuracy:	0.440000 aggregator.py:523
2022-05-21 00:10:27,712 METRIC Round 1, collaborator 5 is sending metric for task train: loss	0.571933 collaborator.py:415
2022-05-21 00:10:27,715 METRIC Round 1, collaborator 5 train result loss:	0.571933 aggregator.py:523
2022-05-21 00:10:29,046 METRIC Round 1, collaborator 5 is sending metric for task locally_tuned_model_validation: accuracy	0.540000 collaborator.py:415
2022-05-21 00:10:29,050 METRIC Round 1, collaborator 5 locally_tuned_model_validation result accuracy:	0.540000 aggregator.py:523
2022-05-21 00:10:30,999 METRIC Round 1, collaborator 6 is sending metric for task aggregated_model_validation: accuracy	0.440000 collaborator.py:415
2022-05-21 00:10:31,003 METRIC Round 1, collaborator 6 aggregated_model_validation result accuracy:	0.440000 aggregator.py:523
2022-05-21 00:10:33,168 METRIC Round 1, collaborator 6 is sending metric for task train: loss	0.413410 collaborator.py:415
2022-05-21 00:10:33,172 METRIC Round 1, collaborator 6 train result loss:	0.413410 aggregator.py:523
2022-05-21 00:10:34,312 METRIC Round 1, collaborator 6 is sending metric for task locally_tuned_model_validation: accuracy	0.520000 collaborator.py:415
2022-05-21 00:10:34,316 METRIC Round 1, collaborator 6 locally_tuned_model_validation result accuracy:	0.520000 aggregator.py:523
2022-05-21 00:10:36,228 METRIC Round 1, collaborator 7 is sending metric for task aggregated_model_validation: accuracy	0.560000 collaborator.py:415
2022-05-21 00:10:36,232 METRIC Round 1, collaborator 7 aggregated_model_validation result accuracy:	0.560000 aggregator.py:523
2022-05-21 00:10:37,893 METRIC Round 1, collaborator 7 is sending metric for task train: loss	0.385529 collaborator.py:415
2022-05-21 00:10:37,897 METRIC Round 1, collaborator 7 train result loss:	0.385529 aggregator.py:523
2022-05-21 00:10:39,101 METRIC Round 1, collaborator 7 is sending metric for task locally_tuned_model_validation: accuracy	0.640000 collaborator.py:415
2022-05-21 00:10:39,105 METRIC Round 1, collaborator 7 locally_tuned_model_validation result accuracy:	0.640000 aggregator.py:523
2022-05-21 00:10:39,128 METRIC Round 1, aggregator: train <openfl.component.aggregation_functions.weighted_average.WeightedAverage object at 0x7fafe3e71cd0> loss:	0.466938 aggregator.py:805
2022-05-21 00:10:47,954 METRIC Round 1, aggregator: locally_tuned_model_validation <openfl.component.aggregation_functions.weighted_average.WeightedAverage object at 0x7fafe3e71cd0> accuracy:	0.610000 aggregator.py:805
2022-05-21 00:10:47,977 METRIC Round 1, aggregator: aggregated_model_validation <openfl.component.aggregation_functions.weighted_average.WeightedAverage object at 0x7fafe3e71cd0> accuracy:	0.537500 aggregator.py:805
2022-05-21 00:10:50,971 METRIC Round 2, collaborator 0 is sending metric for task aggregated_model_validation: accuracy	0.640000 collaborator.py:415
2022-05-21 00:10:50,975 METRIC Round 2, collaborator 0 aggregated_model_validation result accuracy:	0.640000 aggregator.py:523
2022-05-21 00:10:52,755 METRIC Round 2, collaborator 0 is sending metric for task train: loss	0.307302 collaborator.py:415
2022-05-21 00:10:52,758 METRIC Round 2, collaborator 0 train result loss:	0.307302 aggregator.py:523
2022-05-21 00:10:53,967 METRIC Round 2, collaborator 0 is sending metric for task locally_tuned_model_validation: accuracy	0.560000 collaborator.py:415
2022-05-21 00:10:53,971 METRIC Round 2, collaborator 0 locally_tuned_model_validation result accuracy:	0.560000 aggregator.py:523
2022-05-21 00:10:55,920 METRIC Round 2, collaborator 1 is sending metric for task aggregated_model_validation: accuracy	0.580000 collaborator.py:415
2022-05-21 00:10:55,924 METRIC Round 2, collaborator 1 aggregated_model_validation result accuracy:	0.580000 aggregator.py:523
2022-05-21 00:10:57,691 METRIC Round 2, collaborator 1 is sending metric for task train: loss	0.425712 collaborator.py:415
2022-05-21 00:10:57,694 METRIC Round 2, collaborator 1 train result loss:	0.425712 aggregator.py:523
2022-05-21 00:10:58,902 METRIC Round 2, collaborator 1 is sending metric for task locally_tuned_model_validation: accuracy	0.660000 collaborator.py:415
2022-05-21 00:10:58,906 METRIC Round 2, collaborator 1 locally_tuned_model_validation result accuracy:	0.660000 aggregator.py:523
2022-05-21 00:11:00,912 METRIC Round 2, collaborator 2 is sending metric for task aggregated_model_validation: accuracy	0.720000 collaborator.py:415
2022-05-21 00:11:00,915 METRIC Round 2, collaborator 2 aggregated_model_validation result accuracy:	0.720000 aggregator.py:523
2022-05-21 00:11:02,606 METRIC Round 2, collaborator 2 is sending metric for task train: loss	0.368829 collaborator.py:415
2022-05-21 00:11:02,610 METRIC Round 2, collaborator 2 train result loss:	0.368829 aggregator.py:523
2022-05-21 00:11:03,802 METRIC Round 2, collaborator 2 is sending metric for task locally_tuned_model_validation: accuracy	0.640000 collaborator.py:415
2022-05-21 00:11:03,806 METRIC Round 2, collaborator 2 locally_tuned_model_validation result accuracy:	0.640000 aggregator.py:523
2022-05-21 00:11:05,832 METRIC Round 2, collaborator 3 is sending metric for task aggregated_model_validation: accuracy	0.660000 collaborator.py:415
2022-05-21 00:11:05,836 METRIC Round 2, collaborator 3 aggregated_model_validation result accuracy:	0.660000 aggregator.py:523
2022-05-21 00:11:07,487 METRIC Round 2, collaborator 3 is sending metric for task train: loss	0.362125 collaborator.py:415
2022-05-21 00:11:07,490 METRIC Round 2, collaborator 3 train result loss:	0.362125 aggregator.py:523
2022-05-21 00:11:08,677 METRIC Round 2, collaborator 3 is sending metric for task locally_tuned_model_validation: accuracy	0.700000 collaborator.py:415
2022-05-21 00:11:08,680 METRIC Round 2, collaborator 3 locally_tuned_model_validation result accuracy:	0.700000 aggregator.py:523
2022-05-21 00:11:10,671 METRIC Round 2, collaborator 4 is sending metric for task aggregated_model_validation: accuracy	0.580000 collaborator.py:415
2022-05-21 00:11:10,674 METRIC Round 2, collaborator 4 aggregated_model_validation result accuracy:	0.580000 aggregator.py:523
2022-05-21 00:11:12,352 METRIC Round 2, collaborator 4 is sending metric for task train: loss	0.296304 collaborator.py:415
2022-05-21 00:11:12,355 METRIC Round 2, collaborator 4 train result loss:	0.296304 aggregator.py:523
2022-05-21 00:11:13,539 METRIC Round 2, collaborator 4 is sending metric for task locally_tuned_model_validation: accuracy	0.560000 collaborator.py:415
2022-05-21 00:11:13,542 METRIC Round 2, collaborator 4 locally_tuned_model_validation result accuracy:	0.560000 aggregator.py:523
2022-05-21 00:11:15,507 METRIC Round 2, collaborator 5 is sending metric for task aggregated_model_validation: accuracy	0.520000 collaborator.py:415
2022-05-21 00:11:15,512 METRIC Round 2, collaborator 5 aggregated_model_validation result accuracy:	0.520000 aggregator.py:523
2022-05-21 00:11:17,169 METRIC Round 2, collaborator 5 is sending metric for task train: loss	0.403715 collaborator.py:415
2022-05-21 00:11:17,173 METRIC Round 2, collaborator 5 train result loss:	0.403715 aggregator.py:523
2022-05-21 00:11:18,553 METRIC Round 2, collaborator 5 is sending metric for task locally_tuned_model_validation: accuracy	0.460000 collaborator.py:415
2022-05-21 00:11:18,556 METRIC Round 2, collaborator 5 locally_tuned_model_validation result accuracy:	0.460000 aggregator.py:523
2022-05-21 00:11:20,543 METRIC Round 2, collaborator 6 is sending metric for task aggregated_model_validation: accuracy	0.560000 collaborator.py:415
2022-05-21 00:11:20,547 METRIC Round 2, collaborator 6 aggregated_model_validation result accuracy:	0.560000 aggregator.py:523
2022-05-21 00:11:22,353 METRIC Round 2, collaborator 6 is sending metric for task train: loss	0.275372 collaborator.py:415
2022-05-21 00:11:22,357 METRIC Round 2, collaborator 6 train result loss:	0.275372 aggregator.py:523
2022-05-21 00:11:23,586 METRIC Round 2, collaborator 6 is sending metric for task locally_tuned_model_validation: accuracy	0.500000 collaborator.py:415
2022-05-21 00:11:23,590 METRIC Round 2, collaborator 6 locally_tuned_model_validation result accuracy:	0.500000 aggregator.py:523
2022-05-21 00:11:25,595 METRIC Round 2, collaborator 7 is sending metric for task aggregated_model_validation: accuracy	0.660000 collaborator.py:415
2022-05-21 00:11:25,599 METRIC Round 2, collaborator 7 aggregated_model_validation result accuracy:	0.660000 aggregator.py:523
2022-05-21 00:11:27,325 METRIC Round 2, collaborator 7 is sending metric for task train: loss	0.272379 collaborator.py:415
2022-05-21 00:11:27,328 METRIC Round 2, collaborator 7 train result loss:	0.272379 aggregator.py:523
2022-05-21 00:11:28,587 METRIC Round 2, collaborator 7 is sending metric for task locally_tuned_model_validation: accuracy	0.640000 collaborator.py:415
2022-05-21 00:11:28,591 METRIC Round 2, collaborator 7 locally_tuned_model_validation result accuracy:	0.640000 aggregator.py:523
2022-05-21 00:11:28,615 METRIC Round 2, aggregator: train <openfl.component.aggregation_functions.weighted_average.WeightedAverage object at 0x7fafe3e71cd0> loss:	0.339087 aggregator.py:805
2022-05-21 00:11:37,985 METRIC Round 2, aggregator: locally_tuned_model_validation <openfl.component.aggregation_functions.weighted_average.WeightedAverage object at 0x7fafe3e71cd0> accuracy:	0.590000 aggregator.py:805
2022-05-21 00:11:38,013 METRIC Round 2, aggregator: aggregated_model_validation <openfl.component.aggregation_functions.weighted_average.WeightedAverage object at 0x7fafe3e71cd0> accuracy:	0.615000 aggregator.py:805
2022-05-21 00:11:38,015 METRIC Round 2: saved the best model with score 0.615000 aggregator.py:821
2022-05-21 00:11:42,200 METRIC Round 3, collaborator 0 is sending metric for task aggregated_model_validation: accuracy	0.620000 collaborator.py:415
2022-05-21 00:11:42,203 METRIC Round 3, collaborator 0 aggregated_model_validation result accuracy:	0.620000 aggregator.py:523
2022-05-21 00:11:43,947 METRIC Round 3, collaborator 0 is sending metric for task train: loss	0.221761 collaborator.py:415
2022-05-21 00:11:43,950 METRIC Round 3, collaborator 0 train result loss:	0.221761 aggregator.py:523
2022-05-21 00:11:45,115 METRIC Round 3, collaborator 0 is sending metric for task locally_tuned_model_validation: accuracy	0.620000 collaborator.py:415
2022-05-21 00:11:45,118 METRIC Round 3, collaborator 0 locally_tuned_model_validation result accuracy:	0.620000 aggregator.py:523
2022-05-21 00:11:47,077 METRIC Round 3, collaborator 1 is sending metric for task aggregated_model_validation: accuracy	0.580000 collaborator.py:415
2022-05-21 00:11:47,081 METRIC Round 3, collaborator 1 aggregated_model_validation result accuracy:	0.580000 aggregator.py:523
2022-05-21 00:11:48,899 METRIC Round 3, collaborator 1 is sending metric for task train: loss	0.478755 collaborator.py:415
2022-05-21 00:11:48,902 METRIC Round 3, collaborator 1 train result loss:	0.478755 aggregator.py:523
2022-05-21 00:11:50,117 METRIC Round 3, collaborator 1 is sending metric for task locally_tuned_model_validation: accuracy	0.580000 collaborator.py:415
2022-05-21 00:11:50,120 METRIC Round 3, collaborator 1 locally_tuned_model_validation result accuracy:	0.580000 aggregator.py:523
2022-05-21 00:11:52,114 METRIC Round 3, collaborator 2 is sending metric for task aggregated_model_validation: accuracy	0.700000 collaborator.py:415
2022-05-21 00:11:52,118 METRIC Round 3, collaborator 2 aggregated_model_validation result accuracy:	0.700000 aggregator.py:523
2022-05-21 00:11:54,016 METRIC Round 3, collaborator 2 is sending metric for task train: loss	0.313838 collaborator.py:415
2022-05-21 00:11:54,019 METRIC Round 3, collaborator 2 train result loss:	0.313838 aggregator.py:523
2022-05-21 00:11:55,268 METRIC Round 3, collaborator 2 is sending metric for task locally_tuned_model_validation: accuracy	0.700000 collaborator.py:415
2022-05-21 00:11:55,272 METRIC Round 3, collaborator 2 locally_tuned_model_validation result accuracy:	0.700000 aggregator.py:523
2022-05-21 00:11:57,292 METRIC Round 3, collaborator 3 is sending metric for task aggregated_model_validation: accuracy	0.680000 collaborator.py:415
2022-05-21 00:11:57,296 METRIC Round 3, collaborator 3 aggregated_model_validation result accuracy:	0.680000 aggregator.py:523
2022-05-21 00:11:59,487 METRIC Round 3, collaborator 3 is sending metric for task train: loss	0.372727 collaborator.py:415
2022-05-21 00:11:59,491 METRIC Round 3, collaborator 3 train result loss:	0.372727 aggregator.py:523
2022-05-21 00:12:00,890 METRIC Round 3, collaborator 3 is sending metric for task locally_tuned_model_validation: accuracy	0.680000 collaborator.py:415
2022-05-21 00:12:00,893 METRIC Round 3, collaborator 3 locally_tuned_model_validation result accuracy:	0.680000 aggregator.py:523
2022-05-21 00:12:02,864 METRIC Round 3, collaborator 4 is sending metric for task aggregated_model_validation: accuracy	0.600000 collaborator.py:415
2022-05-21 00:12:02,868 METRIC Round 3, collaborator 4 aggregated_model_validation result accuracy:	0.600000 aggregator.py:523
2022-05-21 00:12:04,563 METRIC Round 3, collaborator 4 is sending metric for task train: loss	0.298469 collaborator.py:415
2022-05-21 00:12:04,567 METRIC Round 3, collaborator 4 train result loss:	0.298469 aggregator.py:523
2022-05-21 00:12:05,779 METRIC Round 3, collaborator 4 is sending metric for task locally_tuned_model_validation: accuracy	0.620000 collaborator.py:415
2022-05-21 00:12:05,783 METRIC Round 3, collaborator 4 locally_tuned_model_validation result accuracy:	0.620000 aggregator.py:523
2022-05-21 00:12:07,837 METRIC Round 3, collaborator 5 is sending metric for task aggregated_model_validation: accuracy	0.520000 collaborator.py:415
2022-05-21 00:12:07,841 METRIC Round 3, collaborator 5 aggregated_model_validation result accuracy:	0.520000 aggregator.py:523
2022-05-21 00:12:09,629 METRIC Round 3, collaborator 5 is sending metric for task train: loss	0.373071 collaborator.py:415
2022-05-21 00:12:09,632 METRIC Round 3, collaborator 5 train result loss:	0.373071 aggregator.py:523
2022-05-21 00:12:10,843 METRIC Round 3, collaborator 5 is sending metric for task locally_tuned_model_validation: accuracy	0.500000 collaborator.py:415
2022-05-21 00:12:10,846 METRIC Round 3, collaborator 5 locally_tuned_model_validation result accuracy:	0.500000 aggregator.py:523
2022-05-21 00:12:12,875 METRIC Round 3, collaborator 6 is sending metric for task aggregated_model_validation: accuracy	0.560000 collaborator.py:415
2022-05-21 00:12:12,878 METRIC Round 3, collaborator 6 aggregated_model_validation result accuracy:	0.560000 aggregator.py:523
2022-05-21 00:12:14,714 METRIC Round 3, collaborator 6 is sending metric for task train: loss	0.302876 collaborator.py:415
2022-05-21 00:12:14,718 METRIC Round 3, collaborator 6 train result loss:	0.302876 aggregator.py:523
2022-05-21 00:12:15,943 METRIC Round 3, collaborator 6 is sending metric for task locally_tuned_model_validation: accuracy	0.520000 collaborator.py:415
2022-05-21 00:12:15,947 METRIC Round 3, collaborator 6 locally_tuned_model_validation result accuracy:	0.520000 aggregator.py:523
2022-05-21 00:12:18,079 METRIC Round 3, collaborator 7 is sending metric for task aggregated_model_validation: accuracy	0.660000 collaborator.py:415
2022-05-21 00:12:18,083 METRIC Round 3, collaborator 7 aggregated_model_validation result accuracy:	0.660000 aggregator.py:523
2022-05-21 00:12:19,849 METRIC Round 3, collaborator 7 is sending metric for task train: loss	0.263676 collaborator.py:415
2022-05-21 00:12:19,853 METRIC Round 3, collaborator 7 train result loss:	0.263676 aggregator.py:523
2022-05-21 00:12:21,157 METRIC Round 3, collaborator 7 is sending metric for task locally_tuned_model_validation: accuracy	0.680000 collaborator.py:415
2022-05-21 00:12:21,162 METRIC Round 3, collaborator 7 locally_tuned_model_validation result accuracy:	0.680000 aggregator.py:523
2022-05-21 00:12:21,185 METRIC Round 3, aggregator: train <openfl.component.aggregation_functions.weighted_average.WeightedAverage object at 0x7fafe3e71cd0> loss:	0.328229 aggregator.py:805
2022-05-21 00:12:30,244 METRIC Round 3, aggregator: locally_tuned_model_validation <openfl.component.aggregation_functions.weighted_average.WeightedAverage object at 0x7fafe3e71cd0> accuracy:	0.612500 aggregator.py:805
2022-05-21 00:12:30,268 METRIC Round 3, aggregator: aggregated_model_validation <openfl.component.aggregation_functions.weighted_average.WeightedAverage object at 0x7fafe3e71cd0> accuracy:	0.615000 aggregator.py:805
2022-05-21 00:12:33,414 METRIC Round 4, collaborator 0 is sending metric for task aggregated_model_validation: accuracy	0.640000 collaborator.py:415
2022-05-21 00:12:33,418 METRIC Round 4, collaborator 0 aggregated_model_validation result accuracy:	0.640000 aggregator.py:523
2022-05-21 00:12:35,178 METRIC Round 4, collaborator 0 is sending metric for task train: loss	0.198390 collaborator.py:415
2022-05-21 00:12:35,182 METRIC Round 4, collaborator 0 train result loss:	0.198390 aggregator.py:523
2022-05-21 00:12:36,456 METRIC Round 4, collaborator 0 is sending metric for task locally_tuned_model_validation: accuracy	0.540000 collaborator.py:415
2022-05-21 00:12:36,460 METRIC Round 4, collaborator 0 locally_tuned_model_validation result accuracy:	0.540000 aggregator.py:523
2022-05-21 00:12:38,562 METRIC Round 4, collaborator 1 is sending metric for task aggregated_model_validation: accuracy	0.600000 collaborator.py:415
2022-05-21 00:12:38,565 METRIC Round 4, collaborator 1 aggregated_model_validation result accuracy:	0.600000 aggregator.py:523
2022-05-21 00:12:40,315 METRIC Round 4, collaborator 1 is sending metric for task train: loss	0.344288 collaborator.py:415
2022-05-21 00:12:40,318 METRIC Round 4, collaborator 1 train result loss:	0.344288 aggregator.py:523
2022-05-21 00:12:41,610 METRIC Round 4, collaborator 1 is sending metric for task locally_tuned_model_validation: accuracy	0.640000 collaborator.py:415
2022-05-21 00:12:41,614 METRIC Round 4, collaborator 1 locally_tuned_model_validation result accuracy:	0.640000 aggregator.py:523
2022-05-21 00:12:43,726 METRIC Round 4, collaborator 2 is sending metric for task aggregated_model_validation: accuracy	0.720000 collaborator.py:415
2022-05-21 00:12:43,730 METRIC Round 4, collaborator 2 aggregated_model_validation result accuracy:	0.720000 aggregator.py:523
2022-05-21 00:12:45,514 METRIC Round 4, collaborator 2 is sending metric for task train: loss	0.329891 collaborator.py:415
2022-05-21 00:12:45,517 METRIC Round 4, collaborator 2 train result loss:	0.329891 aggregator.py:523
2022-05-21 00:12:46,820 METRIC Round 4, collaborator 2 is sending metric for task locally_tuned_model_validation: accuracy	0.720000 collaborator.py:415
2022-05-21 00:12:46,823 METRIC Round 4, collaborator 2 locally_tuned_model_validation result accuracy:	0.720000 aggregator.py:523
2022-05-21 00:12:48,940 METRIC Round 4, collaborator 3 is sending metric for task aggregated_model_validation: accuracy	0.700000 collaborator.py:415
2022-05-21 00:12:48,944 METRIC Round 4, collaborator 3 aggregated_model_validation result accuracy:	0.700000 aggregator.py:523
2022-05-21 00:12:50,769 METRIC Round 4, collaborator 3 is sending metric for task train: loss	0.292620 collaborator.py:415
2022-05-21 00:12:50,773 METRIC Round 4, collaborator 3 train result loss:	0.292620 aggregator.py:523
2022-05-21 00:12:52,087 METRIC Round 4, collaborator 3 is sending metric for task locally_tuned_model_validation: accuracy	0.640000 collaborator.py:415
2022-05-21 00:12:52,090 METRIC Round 4, collaborator 3 locally_tuned_model_validation result accuracy:	0.640000 aggregator.py:523
2022-05-21 00:12:54,187 METRIC Round 4, collaborator 4 is sending metric for task aggregated_model_validation: accuracy	0.580000 collaborator.py:415
2022-05-21 00:12:54,191 METRIC Round 4, collaborator 4 aggregated_model_validation result accuracy:	0.580000 aggregator.py:523
2022-05-21 00:12:55,917 METRIC Round 4, collaborator 4 is sending metric for task train: loss	0.273447 collaborator.py:415
2022-05-21 00:12:55,920 METRIC Round 4, collaborator 4 train result loss:	0.273447 aggregator.py:523
2022-05-21 00:12:57,228 METRIC Round 4, collaborator 4 is sending metric for task locally_tuned_model_validation: accuracy	0.580000 collaborator.py:415
2022-05-21 00:12:57,232 METRIC Round 4, collaborator 4 locally_tuned_model_validation result accuracy:	0.580000 aggregator.py:523
2022-05-21 00:12:59,288 METRIC Round 4, collaborator 5 is sending metric for task aggregated_model_validation: accuracy	0.520000 collaborator.py:415
2022-05-21 00:12:59,291 METRIC Round 4, collaborator 5 aggregated_model_validation result accuracy:	0.520000 aggregator.py:523
2022-05-21 00:13:01,151 METRIC Round 4, collaborator 5 is sending metric for task train: loss	0.303025 collaborator.py:415
2022-05-21 00:13:01,154 METRIC Round 4, collaborator 5 train result loss:	0.303025 aggregator.py:523
2022-05-21 00:13:02,446 METRIC Round 4, collaborator 5 is sending metric for task locally_tuned_model_validation: accuracy	0.480000 collaborator.py:415
2022-05-21 00:13:02,451 METRIC Round 4, collaborator 5 locally_tuned_model_validation result accuracy:	0.480000 aggregator.py:523
2022-05-21 00:13:04,672 METRIC Round 4, collaborator 6 is sending metric for task aggregated_model_validation: accuracy	0.540000 collaborator.py:415
2022-05-21 00:13:04,676 METRIC Round 4, collaborator 6 aggregated_model_validation result accuracy:	0.540000 aggregator.py:523
2022-05-21 00:13:06,438 METRIC Round 4, collaborator 6 is sending metric for task train: loss	0.284837 collaborator.py:415
2022-05-21 00:13:06,441 METRIC Round 4, collaborator 6 train result loss:	0.284837 aggregator.py:523
2022-05-21 00:13:07,746 METRIC Round 4, collaborator 6 is sending metric for task locally_tuned_model_validation: accuracy	0.440000 collaborator.py:415
2022-05-21 00:13:07,749 METRIC Round 4, collaborator 6 locally_tuned_model_validation result accuracy:	0.440000 aggregator.py:523
2022-05-21 00:13:09,861 METRIC Round 4, collaborator 7 is sending metric for task aggregated_model_validation: accuracy	0.680000 collaborator.py:415
2022-05-21 00:13:09,865 METRIC Round 4, collaborator 7 aggregated_model_validation result accuracy:	0.680000 aggregator.py:523
2022-05-21 00:13:11,655 METRIC Round 4, collaborator 7 is sending metric for task train: loss	0.193336 collaborator.py:415
2022-05-21 00:13:11,659 METRIC Round 4, collaborator 7 train result loss:	0.193336 aggregator.py:523
2022-05-21 00:13:13,384 METRIC Round 4, collaborator 7 is sending metric for task locally_tuned_model_validation: accuracy	0.660000 collaborator.py:415
2022-05-21 00:13:13,387 METRIC Round 4, collaborator 7 locally_tuned_model_validation result accuracy:	0.660000 aggregator.py:523
2022-05-21 00:13:13,412 METRIC Round 4, aggregator: train <openfl.component.aggregation_functions.weighted_average.WeightedAverage object at 0x7fafe3e71cd0> loss:	0.277541 aggregator.py:805
2022-05-21 00:13:22,533 METRIC Round 4, aggregator: locally_tuned_model_validation <openfl.component.aggregation_functions.weighted_average.WeightedAverage object at 0x7fafe3e71cd0> accuracy:	0.587500 aggregator.py:805
2022-05-21 00:13:22,557 METRIC Round 4, aggregator: aggregated_model_validation <openfl.component.aggregation_functions.weighted_average.WeightedAverage object at 0x7fafe3e71cd0> accuracy:	0.622500 aggregator.py:805
2022-05-21 00:13:22,559 METRIC Round 4: saved the best model with score 0.622500 aggregator.py:821
